<?xml version="1.0" encoding="UTF-8"?>
<!-- Generated by org.testng.reporters.JUnitReportReporter -->
<testsuite skipped="0" hostname="admin1-HP-Compaq-8200-Elite-CMT-PC" name="AllFormControl.ActionClassDemo" tests="9" failures="0" timestamp="2022-07-13T12:36:38 IST" time="0.009" errors="0">
  <testcase name="method3" time="0.001" classname="AllFormControl.ActionClassDemo"/>
  <system-out/>
  <testcase name="method1" time="0.000" classname="AllFormControl.ActionClassDemo"/>
  <system-out/>
  <testcase name="method6" time="0.002" classname="AllFormControl.ActionClassDemo"/>
  <system-out/>
  <testcase name="method5" time="0.000" classname="AllFormControl.ActionClassDemo"/>
  <system-out/>
  <testcase name="method7" time="0.000" classname="AllFormControl.ActionClassDemo"/>
  <system-out/>
  <testcase name="method4" time="0.001" classname="AllFormControl.ActionClassDemo"/>
  <system-out/>
  <testcase name="method9" time="0.003" classname="AllFormControl.ActionClassDemo"/>
  <system-out/>
  <testcase name="method8" time="0.001" classname="AllFormControl.ActionClassDemo"/>
  <system-out/>
  <testcase name="method2" time="0.001" classname="AllFormControl.ActionClassDemo"/>
  <system-out/>
</testsuite> <!-- AllFormControl.ActionClassDemo -->
