<?xml version="1.0" encoding="UTF-8"?>
<!-- Generated by org.testng.reporters.JUnitReportReporter -->
<testsuite skipped="0" hostname="admin1-HP-Compaq-8200-Elite-CMT-PC" name="TestCases.HotelTestCase" tests="1" failures="0" timestamp="2022-07-25T17:13:11 IST" time="111.960" errors="0">
  <testcase name="CompareHotelPrice" time="111.960" classname="TestCases.HotelTestCase"/>
  <system-out/>
</testsuite> <!-- TestCases.HotelTestCase -->
