<?xml version="1.0" encoding="UTF-8"?>
<!-- Generated by org.testng.reporters.JUnitReportReporter -->
<testsuite skipped="0" hostname="admin1-HP-Compaq-8200-Elite-CMT-PC" name="AllFormControl.CalanderClass" tests="1" failures="0" timestamp="2022-07-13T12:36:38 IST" time="22.208" errors="0">
  <testcase name="method2" time="22.208" classname="AllFormControl.CalanderClass"/>
  <system-out/>
</testsuite> <!-- AllFormControl.CalanderClass -->
