<?xml version="1.0" encoding="UTF-8"?>
<!-- Generated by org.testng.reporters.JUnitReportReporter -->
<testsuite skipped="0" hostname="admin1-HP-Compaq-8200-Elite-CMT-PC" name="com.test1.TestNgPriority" tests="2" failures="0" timestamp="2022-07-15T11:36:02 IST" time="0.012" errors="0">
  <testcase name="methodp" time="0.002" classname="com.test1.TestNgPriority"/>
  <system-out/>
  <testcase name="methoda" time="0.010" classname="com.test1.TestNgPriority"/>
  <system-out/>
</testsuite> <!-- com.test1.TestNgPriority -->
