<?xml version="1.0" encoding="UTF-8"?>
<!-- Generated by org.testng.reporters.JUnitReportReporter -->
<testsuite skipped="0" hostname="admin1-HP-Compaq-8200-Elite-CMT-PC" name="AllFormControl.flipkartLogin" tests="1" failures="0" timestamp="2022-07-25T10:58:35 IST" time="0.363" errors="0">
  <testcase name="deta" time="0.363" classname="AllFormControl.flipkartLogin"/>
  <system-out/>
</testsuite> <!-- AllFormControl.flipkartLogin -->
