<?xml version="1.0" encoding="UTF-8"?>
<!-- Generated by org.testng.reporters.JUnitReportReporter -->
<testsuite skipped="1" hostname="admin1-HP-Compaq-8200-Elite-CMT-PC" name="AllFormControl.RightClick" tests="4" failures="0" timestamp="2022-07-13T12:36:37 IST" time="28.701" errors="0">
  <testcase name="methodForSelect" time="5.309" classname="AllFormControl.RightClick"/>
  <system-out/>
  <testcase name="method1" time="9.460" classname="AllFormControl.RightClick"/>
  <system-out/>
  <testcase name="methodforaction" time="13.932" classname="AllFormControl.RightClick"/>
  <system-out/>
  <testcase name="methodforTab" classname="AllFormControl.RightClick">
    <skipped/>
  </testcase> <!-- methodforTab -->
  <system-out/>
</testsuite> <!-- AllFormControl.RightClick -->
