<?xml version="1.0" encoding="UTF-8"?>
<!-- Generated by org.testng.reporters.JUnitReportReporter -->
<testsuite skipped="0" hostname="admin1-HP-Compaq-8200-Elite-CMT-PC" name="com.test1.TestNGExample" tests="3" failures="0" timestamp="2022-07-13T16:08:16 IST" time="17.340" errors="0">
  <testcase name="method1" time="3.943" classname="com.test1.TestNGExample"/>
  <system-out/>
  <testcase name="method2" time="2.845" classname="com.test1.TestNGExample"/>
  <system-out/>
  <testcase name="method3" time="10.552" classname="com.test1.TestNGExample"/>
  <system-out/>
</testsuite> <!-- com.test1.TestNGExample -->
