<?xml version="1.0" encoding="UTF-8"?>
<!-- Generated by org.testng.reporters.JUnitReportReporter -->
<testsuite skipped="0" hostname="admin1-HP-Compaq-8200-Elite-CMT-PC" name="com.test1.AssertDemo" tests="1" failures="0" timestamp="2022-07-13T16:08:16 IST" time="0.001" errors="0">
  <testcase name="method" time="0.001" classname="com.test1.AssertDemo"/>
  <system-out/>
</testsuite> <!-- com.test1.AssertDemo -->
