<?xml version="1.0" encoding="UTF-8"?>
<!-- Generated by org.testng.reporters.JUnitReportReporter -->
<testsuite skipped="0" hostname="admin1-HP-Compaq-8200-Elite-CMT-PC" name="com.test1.DataProvideDemo" tests="5" failures="0" timestamp="2022-07-13T16:08:16 IST" time="49.749" errors="0">
  <testcase name="dataGetMethod" time="9.866" classname="com.test1.DataProvideDemo"/>
  <system-out/>
  <testcase name="dataGetMethod" time="7.903" classname="com.test1.DataProvideDemo"/>
  <system-out/>
  <testcase name="dataGetMethod" time="12.671" classname="com.test1.DataProvideDemo"/>
  <system-out/>
  <testcase name="dataGetMethod" time="8.827" classname="com.test1.DataProvideDemo"/>
  <system-out/>
  <testcase name="dataGetMethod" time="10.482" classname="com.test1.DataProvideDemo"/>
  <system-out/>
</testsuite> <!-- com.test1.DataProvideDemo -->
