<?xml version="1.0" encoding="UTF-8"?>
<!-- Generated by org.testng.reporters.JUnitReportReporter -->
<testsuite skipped="0" hostname="admin1-HP-Compaq-8200-Elite-CMT-PC" name="com.test1.data" tests="2" failures="0" timestamp="2022-07-13T16:08:16 IST" time="0.005" errors="0">
  <testcase name="method4" time="0.002" classname="com.test1.data"/>
  <system-out/>
  <testcase name="method3" time="0.003" classname="com.test1.data"/>
  <system-out/>
</testsuite> <!-- com.test1.data -->
