<?xml version="1.0" encoding="UTF-8"?>
<!-- Generated by org.testng.reporters.JUnitReportReporter -->
<testsuite skipped="0" hostname="admin1-HP-Compaq-8200-Elite-CMT-PC" name="TestCases.ScrollExa" tests="1" failures="0" timestamp="2022-07-25T16:08:02 IST" time="0.011" errors="0">
  <testcase name="scrollmethcod" time="0.011" classname="TestCases.ScrollExa"/>
  <system-out/>
</testsuite> <!-- TestCases.ScrollExa -->
