<?xml version="1.0" encoding="UTF-8"?>
<!-- Generated by org.testng.reporters.JUnitReportReporter -->
<testsuite skipped="0" hostname="admin1-HP-Compaq-8200-Elite-CMT-PC" name="AllFormControl.RadioButton" tests="3" failures="0" timestamp="2022-07-13T12:41:03 IST" time="28.616" errors="0">
  <testcase name="radioButtonMethod" time="10.726" classname="AllFormControl.RadioButton"/>
  <system-out/>
  <testcase name="checkboxButtonMethod" time="7.256" classname="AllFormControl.RadioButton"/>
  <system-out/>
  <testcase name="selectMethod" time="10.634" classname="AllFormControl.RadioButton"/>
  <system-out/>
</testsuite> <!-- AllFormControl.RadioButton -->
