<?xml version="1.0" encoding="UTF-8"?>
<!-- Generated by org.testng.reporters.JUnitReportReporter -->
<testsuite skipped="0" hostname="admin1-HP-Compaq-8200-Elite-CMT-PC" name="com.test1.assertClass" tests="3" failures="0" timestamp="2022-07-13T16:20:25 IST" time="0.013" errors="0">
  <testcase name="method2" time="0.001" classname="com.test1.assertClass"/>
  <system-out/>
  <testcase name="method" time="0.010" classname="com.test1.assertClass"/>
  <system-out/>
  <testcase name="method3" time="0.002" classname="com.test1.assertClass"/>
  <system-out/>
</testsuite> <!-- com.test1.assertClass -->
